<?xml version="1.0" encoding="UTF-8"?>
<testng-results skipped="0" failed="1" total="4" passed="3">
  <reporter-output>
  </reporter-output>
  <suite name="Suite" duration-ms="201773" started-at="2020-11-21T23:52:58Z" finished-at="2020-11-21T23:56:20Z">
    <groups>
    </groups>
    <test name="Homepage Test" duration-ms="121308" started-at="2020-11-21T23:52:58Z" finished-at="2020-11-21T23:54:59Z">
      <class name="WeathAcademy.E2EMavenProject.HomePage">
        <test-method status="PASS" signature="getUrl()[pri:0, instance:WeathAcademy.E2EMavenProject.HomePage@1737b89]" name="getUrl" is-config="true" duration-ms="41709" started-at="2020-11-22T01:52:58Z" finished-at="2020-11-22T01:53:40Z">
          <reporter-output>
          </reporter-output>
        </test-method> <!-- getUrl -->
        <test-method status="PASS" signature="BasepageNavigation(java.lang.String, java.lang.String)[pri:0, instance:WeathAcademy.E2EMavenProject.HomePage@1737b89]" name="BasepageNavigation" duration-ms="69939" started-at="2020-11-22T01:53:40Z" data-provider="getData" finished-at="2020-11-22T01:54:50Z">
          <params>
            <param index="0">
              <value>
                <![CDATA[mikekulio@gmail.com]]>
              </value>
            </param>
            <param index="1">
              <value>
                <![CDATA[Verite#2]]>
              </value>
            </param>
          </params>
          <reporter-output>
          </reporter-output>
        </test-method> <!-- BasepageNavigation -->
        <test-method status="PASS" signature="BasepageNavigation(java.lang.String, java.lang.String)[pri:0, instance:WeathAcademy.E2EMavenProject.HomePage@1737b89]" name="BasepageNavigation" duration-ms="3859" started-at="2020-11-22T01:54:50Z" data-provider="getData" finished-at="2020-11-22T01:54:54Z">
          <params>
            <param index="0">
              <value>
                <![CDATA[mikekulio@gmail.com]]>
              </value>
            </param>
            <param index="1">
              <value>
                <![CDATA[Grouth32]]>
              </value>
            </param>
          </params>
          <reporter-output>
          </reporter-output>
        </test-method> <!-- BasepageNavigation -->
        <test-method status="PASS" signature="closeTest()[pri:0, instance:WeathAcademy.E2EMavenProject.HomePage@1737b89]" name="closeTest" is-config="true" duration-ms="5434" started-at="2020-11-22T01:54:54Z" finished-at="2020-11-22T01:54:59Z">
          <reporter-output>
          </reporter-output>
        </test-method> <!-- closeTest -->
      </class> <!-- WeathAcademy.E2EMavenProject.HomePage -->
    </test> <!-- Homepage Test -->
    <test name="Navigate test" duration-ms="46289" started-at="2020-11-21T23:55:02Z" finished-at="2020-11-21T23:55:48Z">
      <class name="WeathAcademy.E2EMavenProject.NavigateBar">
        <test-method status="PASS" signature="initialize()[pri:0, instance:WeathAcademy.E2EMavenProject.NavigateBar@1247367]" name="initialize" is-config="true" duration-ms="31750" started-at="2020-11-22T01:55:02Z" finished-at="2020-11-22T01:55:34Z">
          <reporter-output>
          </reporter-output>
        </test-method> <!-- initialize -->
        <test-method status="PASS" signature="navBar()[pri:0, instance:WeathAcademy.E2EMavenProject.NavigateBar@1247367]" name="navBar" duration-ms="1190" started-at="2020-11-22T01:55:34Z" finished-at="2020-11-22T01:55:35Z">
          <reporter-output>
          </reporter-output>
        </test-method> <!-- navBar -->
        <test-method status="PASS" signature="TearDown()[pri:0, instance:WeathAcademy.E2EMavenProject.NavigateBar@1247367]" name="TearDown" is-config="true" duration-ms="13347" started-at="2020-11-22T01:55:35Z" finished-at="2020-11-22T01:55:48Z">
          <reporter-output>
          </reporter-output>
        </test-method> <!-- TearDown -->
      </class> <!-- WeathAcademy.E2EMavenProject.NavigateBar -->
    </test> <!-- Navigate test -->
    <test name="Validate Text test" duration-ms="31702" started-at="2020-11-21T23:55:48Z" finished-at="2020-11-21T23:56:20Z">
      <class name="WeathAcademy.E2EMavenProject.ValidateTitle">
        <test-method status="PASS" signature="Initialize()[pri:0, instance:WeathAcademy.E2EMavenProject.ValidateTitle@1ea9581]" name="Initialize" is-config="true" duration-ms="16583" started-at="2020-11-22T01:55:48Z" finished-at="2020-11-22T01:56:05Z">
          <reporter-output>
          </reporter-output>
        </test-method> <!-- Initialize -->
        <test-method status="FAIL" signature="TextValidation()[pri:0, instance:WeathAcademy.E2EMavenProject.ValidateTitle@1ea9581]" name="TextValidation" duration-ms="134" started-at="2020-11-22T01:56:05Z" finished-at="2020-11-22T01:56:05Z">
          <exception class="java.lang.AssertionError">
            <message>
              <![CDATA[expected [FEATURED COURES] but found [FEATURED COURSES]]]>
            </message>
            <full-stacktrace>
              <![CDATA[java.lang.AssertionError: expected [FEATURED COURES] but found [FEATURED COURSES]
	at org.testng.Assert.fail(Assert.java:94)
	at org.testng.Assert.failNotEquals(Assert.java:494)
	at org.testng.Assert.assertEquals(Assert.java:123)
	at org.testng.Assert.assertEquals(Assert.java:176)
	at org.testng.Assert.assertEquals(Assert.java:186)
	at WeathAcademy.E2EMavenProject.ValidateTitle.TextValidation(ValidateTitle.java:37)
	at sun.reflect.NativeMethodAccessorImpl.invoke0(Native Method)
	at sun.reflect.NativeMethodAccessorImpl.invoke(NativeMethodAccessorImpl.java:62)
	at sun.reflect.DelegatingMethodAccessorImpl.invoke(DelegatingMethodAccessorImpl.java:43)
	at java.lang.reflect.Method.invoke(Method.java:498)
	at org.testng.internal.MethodInvocationHelper.invokeMethod(MethodInvocationHelper.java:80)
	at org.testng.internal.Invoker.invokeMethod(Invoker.java:714)
	at org.testng.internal.Invoker.invokeTestMethod(Invoker.java:901)
	at org.testng.internal.Invoker.invokeTestMethods(Invoker.java:1231)
	at org.testng.internal.TestMethodWorker.invokeTestMethods(TestMethodWorker.java:127)
	at org.testng.internal.TestMethodWorker.run(TestMethodWorker.java:111)
	at org.testng.TestRunner.privateRun(TestRunner.java:767)
	at org.testng.TestRunner.run(TestRunner.java:617)
	at org.testng.SuiteRunner.runTest(SuiteRunner.java:334)
	at org.testng.SuiteRunner.runSequentially(SuiteRunner.java:329)
	at org.testng.SuiteRunner.privateRun(SuiteRunner.java:291)
	at org.testng.SuiteRunner.run(SuiteRunner.java:240)
	at org.testng.SuiteRunnerWorker.runSuite(SuiteRunnerWorker.java:52)
	at org.testng.SuiteRunnerWorker.run(SuiteRunnerWorker.java:86)
	at org.testng.TestNG.runSuitesSequentially(TestNG.java:1198)
	at org.testng.TestNG.runSuitesLocally(TestNG.java:1123)
	at org.testng.TestNG.run(TestNG.java:1031)
	at org.apache.maven.surefire.testng.TestNGExecutor.run(TestNGExecutor.java:284)
	at org.apache.maven.surefire.testng.TestNGXmlTestSuite.execute(TestNGXmlTestSuite.java:75)
	at org.apache.maven.surefire.testng.TestNGProvider.invoke(TestNGProvider.java:119)
	at org.apache.maven.surefire.booter.ForkedBooter.runSuitesInProcess(ForkedBooter.java:428)
	at org.apache.maven.surefire.booter.ForkedBooter.execute(ForkedBooter.java:162)
	at org.apache.maven.surefire.booter.ForkedBooter.run(ForkedBooter.java:562)
	at org.apache.maven.surefire.booter.ForkedBooter.main(ForkedBooter.java:548)
]]>
            </full-stacktrace>
          </exception> <!-- java.lang.AssertionError -->
          <reporter-output>
          </reporter-output>
        </test-method> <!-- TextValidation -->
        <test-method status="PASS" signature="TearDown()[pri:0, instance:WeathAcademy.E2EMavenProject.ValidateTitle@1ea9581]" name="TearDown" is-config="true" duration-ms="10461" started-at="2020-11-22T01:56:09Z" finished-at="2020-11-22T01:56:20Z">
          <reporter-output>
          </reporter-output>
        </test-method> <!-- TearDown -->
      </class> <!-- WeathAcademy.E2EMavenProject.ValidateTitle -->
    </test> <!-- Validate Text test -->
  </suite> <!-- Suite -->
</testng-results>
